# HR Name    RA2000   Dec2000     Vmag B-V   SED SpType           Duplicity
 936 Bet Per  3  8 10 + 40 57 20  2.12 -0.05 A05 B8V              AD 82" dm=8.3
  21 Bet Cas  0  9 11 + 59  8 59  2.27  0.34 F05 F2III-IV         31" dm=11.3
  39 Gam Peg  0 13 14 + 15 11  1  2.83 -0.23 B05 B2IV             AB 163" dm=8.9
  98 Bet Hyi  0 25 45 - 77 15 15  2.80  0.62 G05 G2IV             
  99 Alp Phe  0 26 17 - 42 18 22  2.39  1.09 K03 K0III            0.1" dm=0.0
 168 Alp Cas  0 40 31 + 56 32 14  2.23  1.17 K03 K0IIIa           AD 64" dm=6.7
 188 Bet Cet  0 43 35 - 17 59 12  2.04  1.02 K03 G9.5IIICH-1      
 403 Del Cas  1 25 49 + 60 14  7  2.68  0.13 A55 A5III-IV         132" dm=8.7
 472 Alp Eri  1 37 43 - 57 14 12  0.46 -0.16 B55 B3Vpe            
 553 Bet Ari  1 54 38 + 20 48 29  2.64  0.13 A55 A5V              
 591 Alp Hyi  1 58 46 - 61 34 11  2.86  0.28 F05 F0V              
 617 Alp Ari  2  7 10 + 23 27 45  2.00  1.15 K03 K2-IIICa-1       
 622 Bet Tri  2  9 33 + 34 59 14  3.00  0.14 A55 A5III            
1017 Alp Per  3 24 19 + 49 51 40  1.79  0.48 F55 F5Ib             167" dm=10.0
1122 Del Per  3 42 56 + 47 47 15  3.01 -0.13 B55 B5IIIe           99" dm=7.3
1165 Eta Tau  3 47 29 + 24  6 18  2.87 -0.09 B55 B7IIIe            O 0.0" dm=1.6
1457 Alp Tau  4 35 55 + 16 30 33  0.85  1.54 K53 K5+III           AC 122" dm=9.8
1577 Iot Aur  4 57 00 + 33  9 58  2.69  1.53 K53 K3II             
1605 Eps Aur  5  1 58 + 43 49 24  2.99  0.54 F05 F0Iae+B          AE 208" dm=6.2
1708 Alp Aur  5 16 41 + 45 59 53  0.08  0.80 G53 G5IIIe+G0III     AP 0.0" dm=0.5
1790 Gam Ori  5 25  8 +  6 20 59  1.64 -0.22 B05 B2III            179" dm=10.5
1865 Alp Lep  5 32 44 - 17 49 20  2.58  0.21 F05 F0Ib             AB 36" dm=8.5
1903 Eps Ori  5 36 13 -  1 12  7  1.70 -0.19 B05 B0Ia             180" dm=8.7
1910 Zet Tau  5 37 39 + 21  8 33  3.00 -0.19 B55 B4IIIpe          0.0" dm=2.0
1956 Alp Col  5 39 39 - 34  4 27  2.64 -0.12 B55 B7IVe            14" dm=9.7
2004 Kap Ori  5 47 45 -  9 40 11  2.06 -0.17 B05 B0.5Ia           
2088 Bet Aur  5 59 32 + 44 56 51  1.90  0.03 A05 A2IV             AB 185" dm=8.9
2282 Zet CMa  6 20 19 - 30  3 48  3.02 -0.19 B05 B2.5V            176" dm=4.6
2294 Bet CMa  6 22 42 - 17 57 21  1.98 -0.23 B05 B1II-III         186" dm=7.8
2326 Alp Car  6 23 57 - 52 41 45 -0.72  0.15 F05 F0II             
2421 Gam Gem  6 37 43 + 16 23 57  1.93  0.00 A05 A0IV             AC 144" dm=9.0
2473 Eps Gem  6 43 56 + 25  7 52  2.98  1.40 K03 G8Ib             110" dm=6.0
2491 Alp CMa  6 45  9 - 16 42 58 -1.46  0.00 A05 A1Vm             AB 11" dm=10.3
2553 Tau Pup  6 49 56 - 50 36 53  2.93  1.20 K03 K1III            
2653 Omi2CMa  7  3  2 - 23 50  0  3.02 -0.08 B55 B3Iab            
2693 Del CMa  7  8 24 - 26 23 36  1.84  0.68 G03 F8Ia             
2773 Pi  Pup  7 17  9 - 37  5 51  2.70  1.62 K53 K3Ib             69" dm=5.3
2827 Eta CMa  7 24  6 - 29 18 11  2.45 -0.08 B55 B5Ia             179" dm=4.5
2845 Bet CMi  7 27  9 +  8 17 22  2.90 -0.09 A05 B8Ve             AE 139" dm=7.8
2943 Alp CMi  7 39 18 +  5 13 30  0.38  0.42 F55 F5IV-V           AC 4.6" dm=10.4
2990 Bet Gem  7 45 19 + 28  1 34  1.14  1.00 K03 K0IIIb           AC 201" dm=10.2
3185 Rho Pup  8  7 33 - 24 18 15  2.81  0.43 F55 F6IIpDel         30" dm=10.9
3634 Lam Vel  9  8 00 - 43 25 57  2.21  1.66 K53 K4.5Ib-II        18" dm=12.6
3685 Bet Car  9 13 12 - 69 43  2  1.68  0.00 A05 A2IV             
3699 Iot Car  9 17  5 - 59 16 31  2.25  0.18 F05 A8Ib             
3734 Kap Vel  9 22  7 - 55  0 39  2.50 -0.18 B05 B2IV-V           
3748 Alp Hya  9 27 35 -  8 39 31  1.98  1.44 K53 K3II-III         AB 283" dm=7.5
3873 Eps Leo  9 45 51 + 23 46 27  2.98  0.80 G03 G1II             
3982 Alp Leo 10  8 22 + 11 58  2  1.35 -0.11 B55 B7V              AB 178" dm=6.8
4199 The Car 10 42 57 - 64 23 40  2.76 -0.22 B05 B0Vp             
4295 Bet UMa 11  1 51 + 56 22 57  2.37 -0.02 A05 A1V              
4335 Psi UMa 11  9 40 + 44 29 55  3.01  1.14 K03 K1III            
4357 Del Leo 11 14  7 + 20 31 25  2.56  0.12 A55 A4V              AB 191" dm=6.0
4534 Bet Leo 11 49  4 + 14 34 19  2.14  0.09 A55 A3V              AD 264" dm=6.5
4554 Gam UMa 11 53 50 + 53 41 41  2.44  0.00 A05 A0Ve             
4621 Del Cen 12  8 22 - 50 43 21  2.60 -0.12 B05 B2IVne           AB 269" dm=1.9
4656 Del Cru 12 15  9 - 58 44 56  2.80 -0.23 B05 B2IV             
4786 Bet Crv 12 34 23 - 23 23 48  2.65  0.89 G53 G5II             
4798 Alp Mus 12 37 11 - 69  8  8  2.69 -0.20 B05 B2IV-V           30" dm=10.1
4819 Gam Cen 12 41 31 - 48 57 36  2.18 -0.02 A05 A1IV             CCDM12415-4858
4853 Bet Cru 12 47 43 - 59 41 19  1.25 -0.23 B05 B0.5III          AC 372" dm=6.0
4905 Eps UMa 12 54  2 + 55 57 35  1.77 -0.02 A05 A0pCr            
4932 Eps Vir 13  2 11 + 10 57 33  2.83  0.94 K03 G8IIIab          249" dm=8.9
5020 Gam Hya 13 18 55 - 23 10 18  3.00  0.92 K03 G8-IIIa          138" dm=6.7
5028 Iot Cen 13 20 36 - 36 42 44  2.75  0.04 A05 A2V              
5054 Zet UMa 13 23 56 + 54 55 31  2.27  0.02 A05 A1VpSrSi         AP 0.0" dm=1.7
5056 Alp Vir 13 25 12 - 11  9 41  0.98 -0.23 B05 B1III-IV+B2V      O 0.0" dm=1.5
5132 Eps Cen 13 39 53 - 53 27 59  2.30 -0.22 B05 B1III            37" dm=8.4
5191 Eta UMa 13 47 32 + 49 18 48  1.86 -0.19 B55 B3V              
5193 Mu  Cen 13 49 37 - 42 28 26  3.04 -0.17 B05 B2IV-Ve          48" dm=10.7
5231 Zet Cen 13 55 32 - 47 17 18  2.55 -0.22 B05 B2.5IV           
5235 Eta Boo 13 54 41 + 18 23 52  2.68  0.58 G05 G0IV             113" dm=6.0
5288 The Cen 14  6 41 - 36 22 12  2.06  1.01 K03 K0-IIIb          70" dm=12.0
5340 Alp Boo 14 15 40 + 19 10 57 -0.04  1.23 K03 K1.5IIIFe-0.5    
5435 Gam Boo 14 32  5 + 38 18 30  3.03  0.19 A55 A7III            33" dm=9.5
5440 Eta Cen 14 35 30 - 42  9 28  2.31 -0.19 B05 B1.5Vne          
5469 Alp Lup 14 41 56 - 47 23 18  2.30 -0.20 B05 B1.5III/Vn       28" dm=11.1
5531 Alp2Lib 14 50 53 - 16  2 30  2.75  0.15 A55 A3IV              O 0.0" dm=0.4
5563 Bet UMi 14 50 42 + 74  9 20  2.08  1.47 K53 K4-III           209" dm=9.2
5571 Bet Lup 14 58 32 - 43  8  2  2.68 -0.22 B05 B2III/IV         
5671 Gam TrA 15 18 55 - 68 40 46  2.89  0.00 A05 A1V              
5685 Bet Lib 15 17  0 -  9 22 59  2.61 -0.11 A05 B8V              
5735 Gam UMi 15 20 44 + 71 50  2  3.05  0.05 A55 A3II-III         
5854 Alp Ser 15 44 16 +  6 25 32  2.65  1.17 K03 K2IIIbCN1        AB 58" dm=8.3
5897 Bet TrA 15 55  9 - 63 25 50  2.85  0.29 F05 F2III            155" dm=11.0
5944 Pi  Sco 15 58 51 - 26  6 51  2.89 -0.19 B05 B1V+B2V          0.0" dm=1.2
5984 Bet1Sco 16  5 26 - 19 48 20  2.62 -0.07 B05 B1V               O 0.0" dm=1.3
6084 Sig Sco 16 21 11 - 25 35 34  2.89  0.13 B05 B1III             O 0.0" dm=2.0
6132 Eta Dra 16 24 00 + 61 30 51  2.74  0.91 K03 G8-IIIab         ABxC 565" dm=4.8
6148 Bet Her 16 30 13 + 21 29 23  2.77  0.94 G53 G7IIIa           256" dm=7.3
6165 Tau Sco 16 35 53 - 28 12 58  2.82 -0.25 B05 B0V              
6217 Alp TrA 16 48 40 - 69  1 40  1.92  1.44 K03 K2IIb-IIIa       
6241 Eps Sco 16 50 10 - 34 17 36  2.29  1.15 K03 K2.5III          
6247 Mu  Sco 16 51 52 - 38  2 51  3.08 -0.20 B05 B1.5V+B6.5V      390" dm=0.4
6461 Bet Ara 17 25 18 - 55 31 48  2.85  1.46 K53 K3Ib-IIa         
6508 Ups Sco 17 30 46 - 37 17 45  2.69 -0.22 B05 B2IV             
6510 Alp Ara 17 31 51 - 49 52 34  2.95 -0.17 B05 B2Vne            56" dm=8.0
6527 Lam Sco 17 33 37 - 37  6 14  1.63 -0.22 B05 B2IV+B           AC 95" dm=10.3
6536 Bet Dra 17 30 26 + 52 18  5  2.79  0.98 G03 G2Ib-IIa         AB 4.2" dm=8.9
6553 The Sco 17 37 19 - 42 59 52  1.87  0.40 F05 F1II             
6556 Alp Oph 17 34 56 + 12 33 36  2.08  0.15 A55 A5III            0.1" dm=0.0
6580 Kap Sco 17 42 29 - 39  1 48  2.41 -0.22 B05 B1.5III          
6603 Bet Oph 17 43 28 +  4 34  2  2.77  1.16 K03 K2III            
6615 Iot1Sco 17 47 35 - 40  7 37  3.03  0.51 F05 F2Iae            38" dm=9.9
6705 Gam Dra 17 56 36 + 51 29 20  2.23  1.52 K53 K5III            AG 140" dm=8.4
6746 Gam2Sgr 18  5 49 - 30 25 27  2.99  1.00 K03 K0III            
6859 Del Sgr 18 21 00 - 29 49 41  2.70  1.38 K53 K3-IIIa*         AD 58" dm=10.2
6879 Eps Sgr 18 24 10 - 34 23  5  1.85 -0.03 A05 B9.5III          36" dm=12.3
6913 Lam Sgr 18 27 58 - 25 25 18  2.81  1.04 K03 K1+IIIb          
7001 Alp Lyr 18 36 56 + 38 47  1  0.03  0.00 A05 A0Va             AB 63" dm=10.4
7121 Sig Sgr 18 55 16 - 26 17 48  2.02 -0.22 B05 B2.5V            309" dm=7.4
7235 Zet Aql 19  5 25 + 13 51 48  2.99  0.01 A05 A0Vn             AC 159" dm=8.4
7264 Pi  Sgr 19  9 46 - 21  1 25  2.89  0.35 F05 F2II             AB 0.1" dm=0.0
7310 Del Dra 19 12 33 + 67 39 42  3.07  1.00 K03 G9III            88" dm=9.2
7525 Gam Aql 19 46 16 + 10 36 48  2.72  1.52 K53 K3II             133" dm=8.0
7557 Alp Aql 19 50 47 +  8 52  6  0.77  0.22 A55 A7V              AB 165" dm=8.6
7790 Alp Pav 20 25 39 - 56 44  6  1.94 -0.20 B05 B2IV             AB 245" dm=7.1
7796 Gam Cyg 20 22 14 + 40 15 24  2.20  0.68 G03 F8Ib             AxBC 141" dm=8.5
7924 Alp Cyg 20 41 26 + 45 16 49  1.25  0.09 A05 A2Ia             75" dm=10.0
7949 Eps Cyg 20 46 13 + 33 58 13  2.46  1.03 K03 K0-III           AB 55" dm=9.3
8162 Alp Cep 21 18 35 + 62 35  8  2.44  0.22 A55 A7V              AB 207" dm=9.1
8232 Bet Aqr 21 31 34 -  5 34 16  2.91  0.83 G03 G0Ib             AB 36" dm=7.9
8308 Eps Peg 21 44 11 +  9 52 30  2.39  1.53 K03 K2Ib             AC 143" dm=6.1
8322 Del Cap 21 47  2 - 16  7 38  2.87  0.29 A05 Am               0.0" dm=2.0
8353 Gam Gru 21 53 56 - 37 21 54  3.01 -0.12 A05 B8III            
8414 Alp Aqr 22  5 47 -  0 19 11  2.96  0.98 G03 G2Ib             113" dm=9.0
8425 Alp Gru 22  8 14 - 46 57 40  1.74 -0.13 B55 B7IV             28" dm=10.1
8502 Alp Tuc 22 18 30 - 60 15 35  2.86  1.39 K53 K3III            0.1" dm=0.0
8728 Alp PsA 22 57 39 - 29 37 20  1.16  0.09 A55 A3V              
8781 Alp Peg 23  4 46 + 15 12 19  2.49 -0.04 A05 B9V              
